<?xml version="1.0" encoding="UTF-8"?>
<!-- Generated by org.testng.reporters.JUnitReportReporter -->
<testsuite hostname="DESKTOP-5JQT96U" failures="0" tests="1" name="testScript.HomeTest" time="7.209" errors="0" timestamp="2025-03-06T11:10:42 IST" skipped="0">
  <testcase classname="testScript.HomeTest" name="verifyIsUserAbleToLogout" time="7.209"/>
</testsuite> <!-- testScript.HomeTest -->
