<?xml version="1.0" encoding="UTF-8"?>
<!-- Generated by org.testng.reporters.JUnitReportReporter -->
<testsuite hostname="DESKTOP-5JQT96U" failures="0" tests="1" name="testScript.HomeTest" time="11.567" errors="0" timestamp="2025-03-06T10:42:05 IST" skipped="0">
  <testcase classname="testScript.HomeTest" name="verifyIsUserAbleToLogout" time="11.567"/>
</testsuite> <!-- testScript.HomeTest -->
