<?xml version="1.0" encoding="UTF-8"?>
<!-- Generated by org.testng.reporters.JUnitReportReporter -->
<testsuite hostname="DESKTOP-5JQT96U" failures="0" tests="1" name="testScript.AdminUserTest" time="11.288" errors="0" timestamp="2025-03-06T10:42:46 IST" skipped="0">
  <testcase classname="testScript.AdminUserTest" name="verifyUserIsAbleToAddNewUser" time="11.288"/>
</testsuite> <!-- testScript.AdminUserTest -->
