<?xml version="1.0" encoding="UTF-8"?>
<!-- Generated by org.testng.reporters.JUnitReportReporter -->
<testsuite hostname="DESKTOP-5JQT96U" failures="0" tests="5" name="testScript.LoginTest" time="33.503" errors="0" timestamp="2025-03-06T10:43:49 IST" skipped="0">
  <testcase classname="testScript.LoginTest" name="verifyUserLoginWithValidUsernameAndValidPassword" time="9.179"/>
  <testcase classname="testScript.LoginTest" name="verifyUserWithInvalidUsernameAndInvalidPassword" time="6.072"/>
  <testcase classname="testScript.LoginTest" name="verifyUserWithInvalidUsernameAndInvalidPassword" time="5.169"/>
  <testcase classname="testScript.LoginTest" name="verifyUserLoginWithInvalidUsernameAndValidPassword" time="5.538"/>
  <testcase classname="testScript.LoginTest" name="verifyUserWithValidUsernameAndInvalidPassword" time="7.545"/>
</testsuite> <!-- testScript.LoginTest -->
